2021-06-23 11:47:44.215  INFO 36036 --- [main] org.executor.DemoApplicationTests        : Starting DemoApplicationTests using Java 1.8.0_281 on p_zhilingq-PC1 with PID 36036 (started by p_zhilingqi in F:\workspace\dispatch\executor)
2021-06-23 11:47:44.217  INFO 36036 --- [main] org.executor.DemoApplicationTests        : No active profile set, falling back to default profiles: default
2021-06-23 11:47:45.336  INFO 36036 --- [main] o.s.s.concurrent.ThreadPoolTaskExecutor  : Initializing ExecutorService 'applicationTaskExecutor'
2021-06-23 11:47:45.600  INFO 36036 --- [main] org.executor.DemoApplicationTests        : Started DemoApplicationTests in 1.807 seconds (JVM running for 3.045)
2021-06-23 11:47:45.840  INFO 36036 --- [SpringContextShutdownHook] o.s.s.concurrent.ThreadPoolTaskExecutor  : Shutting down ExecutorService 'applicationTaskExecutor'
2021-06-23 15:06:06.570  INFO 2704 --- [main] org.executor.DemoApplicationTests        : Starting DemoApplicationTests using Java 1.8.0_281 on p_zhilingq-PC1 with PID 2704 (started by p_zhilingqi in F:\workspace\dispatch\executor)
2021-06-23 15:06:06.572  INFO 2704 --- [main] org.executor.DemoApplicationTests        : No active profile set, falling back to default profiles: default
2021-06-23 15:06:07.634  INFO 2704 --- [main] o.s.s.concurrent.ThreadPoolTaskExecutor  : Initializing ExecutorService 'applicationTaskExecutor'
2021-06-23 15:06:07.880  INFO 2704 --- [main] org.executor.DemoApplicationTests        : Started DemoApplicationTests in 1.718 seconds (JVM running for 2.924)
2021-06-23 15:06:08.109  INFO 2704 --- [SpringContextShutdownHook] o.s.s.concurrent.ThreadPoolTaskExecutor  : Shutting down ExecutorService 'applicationTaskExecutor'
2021-06-23 15:29:17.295  INFO 13648 --- [restartedMain] org.executor.SpringbootApplication       : Starting SpringbootApplication using Java 1.8.0_281 on p_zhilingq-PC1 with PID 13648 (F:\workspace\dispatch\executor\target\classes started by p_zhilingqi in F:\workspace\dispatch\executor)
2021-06-23 15:29:17.299  INFO 13648 --- [restartedMain] org.executor.SpringbootApplication       : No active profile set, falling back to default profiles: default
2021-06-23 15:29:17.350  INFO 13648 --- [restartedMain] .e.DevToolsPropertyDefaultsPostProcessor : Devtools property defaults active! Set 'spring.devtools.add-properties' to 'false' to disable
2021-06-23 15:29:17.350  INFO 13648 --- [restartedMain] .e.DevToolsPropertyDefaultsPostProcessor : For additional web related logging consider setting the 'logging.level.web' property to 'DEBUG'
2021-06-23 15:29:18.363  INFO 13648 --- [restartedMain] o.s.b.w.embedded.tomcat.TomcatWebServer  : Tomcat initialized with port(s): 8011 (http)
2021-06-23 15:29:18.378  INFO 13648 --- [restartedMain] o.apache.catalina.core.StandardService   : Starting service [Tomcat]
2021-06-23 15:29:18.379  INFO 13648 --- [restartedMain] org.apache.catalina.core.StandardEngine  : Starting Servlet engine: [Apache Tomcat/9.0.44]
2021-06-23 15:29:18.465  INFO 13648 --- [restartedMain] o.a.c.c.C.[Tomcat].[localhost].[/]       : Initializing Spring embedded WebApplicationContext
2021-06-23 15:29:18.466  INFO 13648 --- [restartedMain] w.s.c.ServletWebServerApplicationContext : Root WebApplicationContext: initialization completed in 1115 ms
2021-06-23 15:29:18.764  INFO 13648 --- [restartedMain] o.s.s.concurrent.ThreadPoolTaskExecutor  : Initializing ExecutorService 'applicationTaskExecutor'
2021-06-23 15:29:18.940  INFO 13648 --- [restartedMain] o.s.b.d.a.OptionalLiveReloadServer       : LiveReload server is running on port 35729
2021-06-23 15:29:18.970  INFO 13648 --- [restartedMain] o.s.b.w.embedded.tomcat.TomcatWebServer  : Tomcat started on port(s): 8011 (http) with context path ''
2021-06-23 15:29:18.980  INFO 13648 --- [restartedMain] org.executor.SpringbootApplication       : Started SpringbootApplication in 2.255 seconds (JVM running for 2.911)
2021-06-23 15:42:11.510  INFO 29188 --- [main] org.executor.DemoApplicationTests        : Starting DemoApplicationTests using Java 1.8.0_281 on p_zhilingq-PC1 with PID 29188 (started by p_zhilingqi in F:\workspace\dispatch\executor)
2021-06-23 15:42:11.512  INFO 29188 --- [main] org.executor.DemoApplicationTests        : No active profile set, falling back to default profiles: default
2021-06-23 15:42:12.579  INFO 29188 --- [main] o.s.s.concurrent.ThreadPoolTaskExecutor  : Initializing ExecutorService 'applicationTaskExecutor'
2021-06-23 15:42:12.843  INFO 29188 --- [main] org.executor.DemoApplicationTests        : Started DemoApplicationTests in 1.769 seconds (JVM running for 3.017)
2021-06-23 15:42:13.071  INFO 29188 --- [SpringContextShutdownHook] o.s.s.concurrent.ThreadPoolTaskExecutor  : Shutting down ExecutorService 'applicationTaskExecutor'
2021-06-23 15:45:51.263  INFO 10752 --- [main] org.executor.DemoApplicationTests        : Starting DemoApplicationTests using Java 1.8.0_281 on p_zhilingq-PC1 with PID 10752 (started by p_zhilingqi in F:\workspace\dispatch\executor)
2021-06-23 15:45:51.266  INFO 10752 --- [main] org.executor.DemoApplicationTests        : No active profile set, falling back to default profiles: default
2021-06-23 15:45:52.308  INFO 10752 --- [main] o.s.s.concurrent.ThreadPoolTaskExecutor  : Initializing ExecutorService 'applicationTaskExecutor'
2021-06-23 15:45:52.564  INFO 10752 --- [main] org.executor.DemoApplicationTests        : Started DemoApplicationTests in 1.757 seconds (JVM running for 2.967)
2021-06-23 15:45:52.846  INFO 10752 --- [SpringContextShutdownHook] o.s.s.concurrent.ThreadPoolTaskExecutor  : Shutting down ExecutorService 'applicationTaskExecutor'
2021-06-23 15:52:39.214  INFO 37976 --- [main] org.executor.DemoApplicationTests        : Starting DemoApplicationTests using Java 1.8.0_281 on p_zhilingq-PC1 with PID 37976 (started by p_zhilingqi in F:\workspace\dispatch\executor)
2021-06-23 15:52:39.217  INFO 37976 --- [main] org.executor.DemoApplicationTests        : No active profile set, falling back to default profiles: default
2021-06-23 15:52:40.282  INFO 37976 --- [main] o.s.s.concurrent.ThreadPoolTaskExecutor  : Initializing ExecutorService 'applicationTaskExecutor'
2021-06-23 15:52:40.540  INFO 37976 --- [main] org.executor.DemoApplicationTests        : Started DemoApplicationTests in 1.764 seconds (JVM running for 2.993)
2021-06-23 15:52:40.809  INFO 37976 --- [SpringContextShutdownHook] o.s.s.concurrent.ThreadPoolTaskExecutor  : Shutting down ExecutorService 'applicationTaskExecutor'
2021-06-23 17:19:06.330  INFO 15396 --- [main] org.executor.DemoApplicationTests        : Starting DemoApplicationTests using Java 1.8.0_281 on p_zhilingq-PC1 with PID 15396 (started by p_zhilingqi in F:\workspace\dispatch\executor)
2021-06-23 17:19:06.333  INFO 15396 --- [main] org.executor.DemoApplicationTests        : No active profile set, falling back to default profiles: default
2021-06-23 17:19:07.443  INFO 15396 --- [main] o.s.s.concurrent.ThreadPoolTaskExecutor  : Initializing ExecutorService 'applicationTaskExecutor'
2021-06-23 17:19:07.694  INFO 15396 --- [main] org.executor.DemoApplicationTests        : Started DemoApplicationTests in 1.781 seconds (JVM running for 2.985)
2021-06-23 17:19:07.937  INFO 15396 --- [SpringContextShutdownHook] o.s.s.concurrent.ThreadPoolTaskExecutor  : Shutting down ExecutorService 'applicationTaskExecutor'
2021-06-28 14:42:25.270  INFO 35416 --- [main] org.executor.DemoApplicationTests        : Starting DemoApplicationTests using Java 1.8.0_281 on p_zhilingq-PC1 with PID 35416 (started by p_zhilingqi in F:\workspace\dispatch\executor)
2021-06-28 14:42:25.272  INFO 35416 --- [main] org.executor.DemoApplicationTests        : No active profile set, falling back to default profiles: default
2021-06-28 14:42:26.264  INFO 35416 --- [main] o.s.s.concurrent.ThreadPoolTaskExecutor  : Initializing ExecutorService 'applicationTaskExecutor'
2021-06-28 14:42:26.485  INFO 35416 --- [main] org.executor.DemoApplicationTests        : Started DemoApplicationTests in 1.54 seconds (JVM running for 2.632)
2021-06-28 14:42:26.689  INFO 35416 --- [SpringContextShutdownHook] o.s.s.concurrent.ThreadPoolTaskExecutor  : Shutting down ExecutorService 'applicationTaskExecutor'
2021-06-28 14:43:44.028  INFO 44832 --- [main] org.executor.DemoApplicationTests        : Starting DemoApplicationTests using Java 1.8.0_281 on p_zhilingq-PC1 with PID 44832 (started by p_zhilingqi in F:\workspace\dispatch\executor)
2021-06-28 14:43:44.030  INFO 44832 --- [main] org.executor.DemoApplicationTests        : No active profile set, falling back to default profiles: default
2021-06-28 14:43:45.016  INFO 44832 --- [main] o.s.s.concurrent.ThreadPoolTaskExecutor  : Initializing ExecutorService 'applicationTaskExecutor'
2021-06-28 14:43:45.237  INFO 44832 --- [main] org.executor.DemoApplicationTests        : Started DemoApplicationTests in 1.529 seconds (JVM running for 2.625)
2021-06-28 14:43:45.465  INFO 44832 --- [SpringContextShutdownHook] o.s.s.concurrent.ThreadPoolTaskExecutor  : Shutting down ExecutorService 'applicationTaskExecutor'
2021-06-28 14:44:17.723  INFO 25464 --- [main] org.executor.DemoApplicationTests        : Starting DemoApplicationTests using Java 1.8.0_281 on p_zhilingq-PC1 with PID 25464 (started by p_zhilingqi in F:\workspace\dispatch\executor)
2021-06-28 14:44:17.725  INFO 25464 --- [main] org.executor.DemoApplicationTests        : No active profile set, falling back to default profiles: default
2021-06-28 14:44:18.709  INFO 25464 --- [main] o.s.s.concurrent.ThreadPoolTaskExecutor  : Initializing ExecutorService 'applicationTaskExecutor'
2021-06-28 14:44:18.927  INFO 25464 --- [main] org.executor.DemoApplicationTests        : Started DemoApplicationTests in 1.539 seconds (JVM running for 2.631)
2021-06-28 14:44:19.159  INFO 25464 --- [SpringContextShutdownHook] o.s.s.concurrent.ThreadPoolTaskExecutor  : Shutting down ExecutorService 'applicationTaskExecutor'
2021-06-28 15:01:42.383  INFO 40532 --- [main] org.executor.DemoApplicationTests        : Starting DemoApplicationTests using Java 1.8.0_281 on p_zhilingq-PC1 with PID 40532 (started by p_zhilingqi in F:\workspace\dispatch\executor)
2021-06-28 15:01:42.387  INFO 40532 --- [main] org.executor.DemoApplicationTests        : No active profile set, falling back to default profiles: default
2021-06-28 15:01:43.420  INFO 40532 --- [main] o.s.s.concurrent.ThreadPoolTaskExecutor  : Initializing ExecutorService 'applicationTaskExecutor'
2021-06-28 15:01:43.651  INFO 40532 --- [main] org.executor.DemoApplicationTests        : Started DemoApplicationTests in 1.602 seconds (JVM running for 2.744)
2021-06-28 15:01:43.887  INFO 40532 --- [SpringContextShutdownHook] o.s.s.concurrent.ThreadPoolTaskExecutor  : Shutting down ExecutorService 'applicationTaskExecutor'
2021-06-28 15:04:36.413  INFO 38192 --- [main] org.executor.DemoApplicationTests        : Starting DemoApplicationTests using Java 1.8.0_281 on p_zhilingq-PC1 with PID 38192 (started by p_zhilingqi in F:\workspace\dispatch\executor)
2021-06-28 15:04:36.416  INFO 38192 --- [main] org.executor.DemoApplicationTests        : No active profile set, falling back to default profiles: default
2021-06-28 15:04:37.476  INFO 38192 --- [main] o.s.s.concurrent.ThreadPoolTaskExecutor  : Initializing ExecutorService 'applicationTaskExecutor'
2021-06-28 15:04:37.709  INFO 38192 --- [main] org.executor.DemoApplicationTests        : Started DemoApplicationTests in 1.625 seconds (JVM running for 2.769)
2021-06-28 15:04:37.935  INFO 38192 --- [SpringContextShutdownHook] o.s.s.concurrent.ThreadPoolTaskExecutor  : Shutting down ExecutorService 'applicationTaskExecutor'
2021-06-28 15:05:52.610  INFO 2960 --- [main] org.executor.DemoApplicationTests        : Starting DemoApplicationTests using Java 1.8.0_281 on p_zhilingq-PC1 with PID 2960 (started by p_zhilingqi in F:\workspace\dispatch\executor)
2021-06-28 15:05:52.613  INFO 2960 --- [main] org.executor.DemoApplicationTests        : No active profile set, falling back to default profiles: default
2021-06-28 15:05:53.687  INFO 2960 --- [main] o.s.s.concurrent.ThreadPoolTaskExecutor  : Initializing ExecutorService 'applicationTaskExecutor'
2021-06-28 15:05:53.927  INFO 2960 --- [main] org.executor.DemoApplicationTests        : Started DemoApplicationTests in 1.657 seconds (JVM running for 2.793)
2021-06-28 15:05:54.163  INFO 2960 --- [SpringContextShutdownHook] o.s.s.concurrent.ThreadPoolTaskExecutor  : Shutting down ExecutorService 'applicationTaskExecutor'
2021-06-28 15:07:25.685  INFO 22452 --- [main] org.executor.DemoApplicationTests        : Starting DemoApplicationTests using Java 1.8.0_281 on p_zhilingq-PC1 with PID 22452 (started by p_zhilingqi in F:\workspace\dispatch\executor)
2021-06-28 15:07:25.688  INFO 22452 --- [main] org.executor.DemoApplicationTests        : No active profile set, falling back to default profiles: default
2021-06-28 15:07:26.722  INFO 22452 --- [main] o.s.s.concurrent.ThreadPoolTaskExecutor  : Initializing ExecutorService 'applicationTaskExecutor'
2021-06-28 15:07:26.957  INFO 22452 --- [main] org.executor.DemoApplicationTests        : Started DemoApplicationTests in 1.604 seconds (JVM running for 2.741)
2021-06-28 15:07:27.189  INFO 22452 --- [SpringContextShutdownHook] o.s.s.concurrent.ThreadPoolTaskExecutor  : Shutting down ExecutorService 'applicationTaskExecutor'
2021-06-28 15:15:43.524  INFO 47272 --- [main] org.executor.DemoApplicationTests        : Starting DemoApplicationTests using Java 1.8.0_281 on p_zhilingq-PC1 with PID 47272 (started by p_zhilingqi in F:\workspace\dispatch\executor)
2021-06-28 15:15:43.527  INFO 47272 --- [main] org.executor.DemoApplicationTests        : No active profile set, falling back to default profiles: default
2021-06-28 15:15:44.577  INFO 47272 --- [main] o.s.s.concurrent.ThreadPoolTaskExecutor  : Initializing ExecutorService 'applicationTaskExecutor'
2021-06-28 15:15:44.807  INFO 47272 --- [main] org.executor.DemoApplicationTests        : Started DemoApplicationTests in 1.63 seconds (JVM running for 2.785)
2021-06-28 15:15:45.040  INFO 47272 --- [SpringContextShutdownHook] o.s.s.concurrent.ThreadPoolTaskExecutor  : Shutting down ExecutorService 'applicationTaskExecutor'
2021-06-28 16:00:04.201  INFO 47176 --- [main] org.executor.DemoApplicationTests        : Starting DemoApplicationTests using Java 1.8.0_281 on p_zhilingq-PC1 with PID 47176 (started by p_zhilingqi in F:\workspace\dispatch\executor)
2021-06-28 16:00:04.204  INFO 47176 --- [main] org.executor.DemoApplicationTests        : No active profile set, falling back to default profiles: default
2021-06-28 16:00:05.203  INFO 47176 --- [main] o.s.s.concurrent.ThreadPoolTaskExecutor  : Initializing ExecutorService 'applicationTaskExecutor'
2021-06-28 16:00:05.424  INFO 47176 --- [main] org.executor.DemoApplicationTests        : Started DemoApplicationTests in 1.551 seconds (JVM running for 2.72)
2021-06-28 16:00:05.642  INFO 47176 --- [SpringContextShutdownHook] o.s.s.concurrent.ThreadPoolTaskExecutor  : Shutting down ExecutorService 'applicationTaskExecutor'
2021-06-28 16:01:41.063  INFO 13164 --- [main] org.executor.DemoApplicationTests        : Starting DemoApplicationTests using Java 1.8.0_281 on p_zhilingq-PC1 with PID 13164 (started by p_zhilingqi in F:\workspace\dispatch\executor)
2021-06-28 16:01:41.066  INFO 13164 --- [main] org.executor.DemoApplicationTests        : No active profile set, falling back to default profiles: default
2021-06-28 16:01:42.073  INFO 13164 --- [main] o.s.s.concurrent.ThreadPoolTaskExecutor  : Initializing ExecutorService 'applicationTaskExecutor'
2021-06-28 16:01:42.296  INFO 13164 --- [main] org.executor.DemoApplicationTests        : Started DemoApplicationTests in 1.561 seconds (JVM running for 2.706)
2021-06-28 16:01:42.531  INFO 13164 --- [SpringContextShutdownHook] o.s.s.concurrent.ThreadPoolTaskExecutor  : Shutting down ExecutorService 'applicationTaskExecutor'
2021-06-28 16:04:54.948  INFO 1320 --- [main] org.executor.DemoApplicationTests        : Starting DemoApplicationTests using Java 1.8.0_281 on p_zhilingq-PC1 with PID 1320 (started by p_zhilingqi in F:\workspace\dispatch\executor)
2021-06-28 16:04:54.951  INFO 1320 --- [main] org.executor.DemoApplicationTests        : No active profile set, falling back to default profiles: default
2021-06-28 16:04:55.954  INFO 1320 --- [main] o.s.s.concurrent.ThreadPoolTaskExecutor  : Initializing ExecutorService 'applicationTaskExecutor'
2021-06-28 16:04:56.177  INFO 1320 --- [main] org.executor.DemoApplicationTests        : Started DemoApplicationTests in 1.56 seconds (JVM running for 2.668)
2021-06-28 16:04:56.407  INFO 1320 --- [SpringContextShutdownHook] o.s.s.concurrent.ThreadPoolTaskExecutor  : Shutting down ExecutorService 'applicationTaskExecutor'
2021-06-28 16:08:26.167  INFO 21520 --- [main] org.executor.DemoApplicationTests        : Starting DemoApplicationTests using Java 1.8.0_281 on p_zhilingq-PC1 with PID 21520 (started by p_zhilingqi in F:\workspace\dispatch\executor)
2021-06-28 16:08:26.170  INFO 21520 --- [main] org.executor.DemoApplicationTests        : No active profile set, falling back to default profiles: default
2021-06-28 16:08:27.207  INFO 21520 --- [main] o.s.s.concurrent.ThreadPoolTaskExecutor  : Initializing ExecutorService 'applicationTaskExecutor'
2021-06-28 16:08:27.431  INFO 21520 --- [main] org.executor.DemoApplicationTests        : Started DemoApplicationTests in 1.601 seconds (JVM running for 2.716)
2021-06-28 16:08:27.662  INFO 21520 --- [SpringContextShutdownHook] o.s.s.concurrent.ThreadPoolTaskExecutor  : Shutting down ExecutorService 'applicationTaskExecutor'
2021-06-28 16:11:56.097  INFO 18484 --- [main] org.executor.DemoApplicationTests        : Starting DemoApplicationTests using Java 1.8.0_281 on p_zhilingq-PC1 with PID 18484 (started by p_zhilingqi in F:\workspace\dispatch\executor)
2021-06-28 16:11:56.100  INFO 18484 --- [main] org.executor.DemoApplicationTests        : No active profile set, falling back to default profiles: default
2021-06-28 16:11:57.128  INFO 18484 --- [main] o.s.s.concurrent.ThreadPoolTaskExecutor  : Initializing ExecutorService 'applicationTaskExecutor'
2021-06-28 16:11:57.360  INFO 18484 --- [main] org.executor.DemoApplicationTests        : Started DemoApplicationTests in 1.637 seconds (JVM running for 2.777)
2021-06-28 16:11:57.586  INFO 18484 --- [SpringContextShutdownHook] o.s.s.concurrent.ThreadPoolTaskExecutor  : Shutting down ExecutorService 'applicationTaskExecutor'
2021-06-29 09:54:26.064  INFO 51016 --- [main] org.executor.DemoApplicationTests        : Starting DemoApplicationTests using Java 1.8.0_281 on p_zhilingq-PC1 with PID 51016 (started by p_zhilingqi in F:\workspace\dispatch\executor)
2021-06-29 09:54:26.067  INFO 51016 --- [main] org.executor.DemoApplicationTests        : No active profile set, falling back to default profiles: default
2021-06-29 09:54:27.092  INFO 51016 --- [main] o.s.s.concurrent.ThreadPoolTaskExecutor  : Initializing ExecutorService 'applicationTaskExecutor'
2021-06-29 09:54:27.314  INFO 51016 --- [main] org.executor.DemoApplicationTests        : Started DemoApplicationTests in 1.592 seconds (JVM running for 2.744)
2021-06-29 09:54:27.543  INFO 51016 --- [SpringContextShutdownHook] o.s.s.concurrent.ThreadPoolTaskExecutor  : Shutting down ExecutorService 'applicationTaskExecutor'
2021-06-29 11:18:16.368  INFO 48460 --- [main] org.executor.DemoApplicationTests        : Starting DemoApplicationTests using Java 1.8.0_281 on p_zhilingq-PC1 with PID 48460 (started by p_zhilingqi in F:\workspace\dispatch\executor)
2021-06-29 11:18:16.370  INFO 48460 --- [main] org.executor.DemoApplicationTests        : No active profile set, falling back to default profiles: default
2021-06-29 11:18:17.349  INFO 48460 --- [main] o.s.s.concurrent.ThreadPoolTaskExecutor  : Initializing ExecutorService 'applicationTaskExecutor'
2021-06-29 11:18:17.569  INFO 48460 --- [main] org.executor.DemoApplicationTests        : Started DemoApplicationTests in 1.552 seconds (JVM running for 2.653)
2021-06-29 11:18:17.795  INFO 48460 --- [SpringContextShutdownHook] o.s.s.concurrent.ThreadPoolTaskExecutor  : Shutting down ExecutorService 'applicationTaskExecutor'
