2021-06-15 15:42:43.969  INFO 44496 --- [main] org.distribute.DemoApplication           : Starting DemoApplication using Java 1.8.0_281 on p_zhilingq-PC1 with PID 44496 (F:\workspace\dispatch\distribute\target\classes started by p_zhilingqi in F:\workspace\dispatch\distribute)
2021-06-15 15:42:43.971  INFO 44496 --- [main] org.distribute.DemoApplication           : No active profile set, falling back to default profiles: default
2021-06-15 15:42:44.527  INFO 44496 --- [main] o.s.b.w.embedded.tomcat.TomcatWebServer  : Tomcat initialized with port(s): 8012 (http)
2021-06-15 15:42:44.533  INFO 44496 --- [main] o.apache.catalina.core.StandardService   : Starting service [Tomcat]
2021-06-15 15:42:44.533  INFO 44496 --- [main] org.apache.catalina.core.StandardEngine  : Starting Servlet engine: [Apache Tomcat/9.0.44]
2021-06-15 15:42:44.626  INFO 44496 --- [main] org.apache.jasper.servlet.TldScanner     : At least one JAR was scanned for TLDs yet contained no TLDs. Enable debug logging for this logger for a complete list of JARs that were scanned but no TLDs were found in them. Skipping unneeded JARs during scanning can improve startup time and JSP compilation time.
2021-06-15 15:42:44.629  INFO 44496 --- [main] o.a.c.c.C.[Tomcat].[localhost].[/]       : Initializing Spring embedded WebApplicationContext
2021-06-15 15:42:44.629  INFO 44496 --- [main] w.s.c.ServletWebServerApplicationContext : Root WebApplicationContext: initialization completed in 627 ms
2021-06-15 15:42:44.822  INFO 44496 --- [main] o.s.s.concurrent.ThreadPoolTaskExecutor  : Initializing ExecutorService 'applicationTaskExecutor'
2021-06-15 15:42:44.952  INFO 44496 --- [main] o.s.b.w.embedded.tomcat.TomcatWebServer  : Tomcat started on port(s): 8012 (http) with context path ''
2021-06-15 15:42:44.982  INFO 44496 --- [main] org.distribute.DemoApplication           : Started DemoApplication in 1.314 seconds (JVM running for 1.74)
2021-06-15 15:42:57.787  INFO 44496 --- [http-nio-8012-exec-1] o.a.c.c.C.[Tomcat].[localhost].[/]       : Initializing Spring DispatcherServlet 'dispatcherServlet'
2021-06-15 15:42:57.788  INFO 44496 --- [http-nio-8012-exec-1] o.s.web.servlet.DispatcherServlet        : Initializing Servlet 'dispatcherServlet'
2021-06-15 15:42:57.788  INFO 44496 --- [http-nio-8012-exec-1] o.s.web.servlet.DispatcherServlet        : Completed initialization in 0 ms
2021-06-15 15:42:57.834  INFO 44496 --- [Thread-4] org.executor.executor.Executor           : 当前排队线程数：1
2021-06-15 15:42:57.835  INFO 44496 --- [Thread-4] org.executor.executor.Executor           : 当前活动线程数：2
2021-06-15 15:42:57.835  INFO 44496 --- [Thread-4] org.executor.executor.Executor           : 执行完成线程数：0
2021-06-15 15:42:57.835  INFO 44496 --- [Thread-4] org.executor.executor.Executor           : 总的线程数：3
2021-06-15 15:45:30.531  INFO 44496 --- [RMI TCP Connection(6)-127.0.0.1] inMXBeanRegistrar$SpringApplicationAdmin : Application shutdown requested.
2021-06-15 15:45:30.613  INFO 44496 --- [RMI TCP Connection(6)-127.0.0.1] o.s.s.concurrent.ThreadPoolTaskExecutor  : Shutting down ExecutorService 'applicationTaskExecutor'
2021-06-17 15:42:36.708  INFO 18880 --- [main] org.distribute.DemoApplication           : Starting DemoApplication using Java 1.8.0_281 on p_zhilingq-PC1 with PID 18880 (F:\workspace\dispatch\distribute\target\classes started by p_zhilingqi in F:\workspace\dispatch\distribute)
2021-06-17 15:42:36.710  INFO 18880 --- [main] org.distribute.DemoApplication           : No active profile set, falling back to default profiles: default
2021-06-17 15:42:37.262  INFO 18880 --- [main] o.s.b.w.embedded.tomcat.TomcatWebServer  : Tomcat initialized with port(s): 8012 (http)
2021-06-17 15:42:37.269  INFO 18880 --- [main] o.apache.catalina.core.StandardService   : Starting service [Tomcat]
2021-06-17 15:42:37.269  INFO 18880 --- [main] org.apache.catalina.core.StandardEngine  : Starting Servlet engine: [Apache Tomcat/9.0.44]
2021-06-17 15:42:37.362  INFO 18880 --- [main] org.apache.jasper.servlet.TldScanner     : At least one JAR was scanned for TLDs yet contained no TLDs. Enable debug logging for this logger for a complete list of JARs that were scanned but no TLDs were found in them. Skipping unneeded JARs during scanning can improve startup time and JSP compilation time.
2021-06-17 15:42:37.364  INFO 18880 --- [main] o.a.c.c.C.[Tomcat].[localhost].[/]       : Initializing Spring embedded WebApplicationContext
2021-06-17 15:42:37.365  INFO 18880 --- [main] w.s.c.ServletWebServerApplicationContext : Root WebApplicationContext: initialization completed in 625 ms
2021-06-17 15:42:39.462  WARN 18880 --- [main] ConfigServletWebServerApplicationContext : Exception encountered during context initialization - cancelling refresh attempt: org.springframework.beans.factory.BeanCreationException: Error creating bean with name 'startSub': Invocation of init method failed; nested exception is redis.clients.jedis.exceptions.JedisConnectionException: Could not get a resource from the pool
2021-06-17 15:42:39.464  INFO 18880 --- [main] o.apache.catalina.core.StandardService   : Stopping service [Tomcat]
2021-06-17 15:42:39.471  INFO 18880 --- [main] ConditionEvaluationReportLoggingListener : 

Error starting ApplicationContext. To display the conditions report re-run your application with 'debug' enabled.
2021-06-17 15:42:39.482 ERROR 18880 --- [main] o.s.boot.SpringApplication               : Application run failed

org.springframework.beans.factory.BeanCreationException: Error creating bean with name 'startSub': Invocation of init method failed; nested exception is redis.clients.jedis.exceptions.JedisConnectionException: Could not get a resource from the pool
	at org.springframework.beans.factory.annotation.InitDestroyAnnotationBeanPostProcessor.postProcessBeforeInitialization(InitDestroyAnnotationBeanPostProcessor.java:160)
	at org.springframework.beans.factory.support.AbstractAutowireCapableBeanFactory.applyBeanPostProcessorsBeforeInitialization(AbstractAutowireCapableBeanFactory.java:422)
	at org.springframework.beans.factory.support.AbstractAutowireCapableBeanFactory.initializeBean(AbstractAutowireCapableBeanFactory.java:1778)
	at org.springframework.beans.factory.support.AbstractAutowireCapableBeanFactory.doCreateBean(AbstractAutowireCapableBeanFactory.java:602)
	at org.springframework.beans.factory.support.AbstractAutowireCapableBeanFactory.createBean(AbstractAutowireCapableBeanFactory.java:524)
	at org.springframework.beans.factory.support.AbstractBeanFactory.lambda$doGetBean$0(AbstractBeanFactory.java:335)
	at org.springframework.beans.factory.support.DefaultSingletonBeanRegistry.getSingleton(DefaultSingletonBeanRegistry.java:234)
	at org.springframework.beans.factory.support.AbstractBeanFactory.doGetBean(AbstractBeanFactory.java:333)
	at org.springframework.beans.factory.support.AbstractBeanFactory.getBean(AbstractBeanFactory.java:208)
	at org.springframework.beans.factory.support.DefaultListableBeanFactory.preInstantiateSingletons(DefaultListableBeanFactory.java:944)
	at org.springframework.context.support.AbstractApplicationContext.finishBeanFactoryInitialization(AbstractApplicationContext.java:918)
	at org.springframework.context.support.AbstractApplicationContext.refresh(AbstractApplicationContext.java:583)
	at org.springframework.boot.web.servlet.context.ServletWebServerApplicationContext.refresh(ServletWebServerApplicationContext.java:144)
	at org.springframework.boot.SpringApplication.refresh(SpringApplication.java:769)
	at org.springframework.boot.SpringApplication.refresh(SpringApplication.java:761)
	at org.springframework.boot.SpringApplication.refreshContext(SpringApplication.java:426)
	at org.springframework.boot.SpringApplication.run(SpringApplication.java:326)
	at org.springframework.boot.SpringApplication.run(SpringApplication.java:1313)
	at org.springframework.boot.SpringApplication.run(SpringApplication.java:1302)
	at org.distribute.DemoApplication.main(DemoApplication.java:11)
Caused by: redis.clients.jedis.exceptions.JedisConnectionException: Could not get a resource from the pool
	at redis.clients.util.Pool.getResource(Pool.java:50)
	at redis.clients.jedis.JedisPool.getResource(JedisPool.java:99)
	at org.executor.start.StartSub.startSub(StartSub.java:24)
	at sun.reflect.NativeMethodAccessorImpl.invoke0(Native Method)
	at sun.reflect.NativeMethodAccessorImpl.invoke(NativeMethodAccessorImpl.java:62)
	at sun.reflect.DelegatingMethodAccessorImpl.invoke(DelegatingMethodAccessorImpl.java:43)
	at java.lang.reflect.Method.invoke(Method.java:498)
	at org.springframework.beans.factory.annotation.InitDestroyAnnotationBeanPostProcessor$LifecycleElement.invoke(InitDestroyAnnotationBeanPostProcessor.java:389)
	at org.springframework.beans.factory.annotation.InitDestroyAnnotationBeanPostProcessor$LifecycleMetadata.invokeInitMethods(InitDestroyAnnotationBeanPostProcessor.java:333)
	at org.springframework.beans.factory.annotation.InitDestroyAnnotationBeanPostProcessor.postProcessBeforeInitialization(InitDestroyAnnotationBeanPostProcessor.java:157)
	... 19 common frames omitted
Caused by: redis.clients.jedis.exceptions.JedisConnectionException: java.net.SocketException: Connection reset
	at redis.clients.util.RedisInputStream.ensureFill(RedisInputStream.java:201)
	at redis.clients.util.RedisInputStream.readByte(RedisInputStream.java:40)
	at redis.clients.jedis.Protocol.process(Protocol.java:141)
	at redis.clients.jedis.Protocol.read(Protocol.java:205)
	at redis.clients.jedis.Connection.readProtocolWithCheckingBroken(Connection.java:297)
	at redis.clients.jedis.Connection.getStatusCodeReply(Connection.java:196)
	at redis.clients.jedis.BinaryJedis.auth(BinaryJedis.java:2048)
	at redis.clients.jedis.JedisFactory.makeObject(JedisFactory.java:89)
	at org.apache.commons.pool2.impl.GenericObjectPool.create(GenericObjectPool.java:918)
	at org.apache.commons.pool2.impl.GenericObjectPool.borrowObject(GenericObjectPool.java:431)
	at org.apache.commons.pool2.impl.GenericObjectPool.borrowObject(GenericObjectPool.java:356)
	at redis.clients.util.Pool.getResource(Pool.java:48)
	... 28 common frames omitted
Caused by: java.net.SocketException: Connection reset
	at java.net.SocketInputStream.read(SocketInputStream.java:210)
	at java.net.SocketInputStream.read(SocketInputStream.java:141)
	at java.net.SocketInputStream.read(SocketInputStream.java:127)
	at redis.clients.util.RedisInputStream.ensureFill(RedisInputStream.java:195)
	... 39 common frames omitted

2021-06-17 15:56:50.956  INFO 13256 --- [main] org.distribute.DemoApplication           : Starting DemoApplication using Java 1.8.0_281 on p_zhilingq-PC1 with PID 13256 (F:\workspace\dispatch\distribute\target\classes started by p_zhilingqi in F:\workspace\dispatch\distribute)
2021-06-17 15:56:50.959  INFO 13256 --- [main] org.distribute.DemoApplication           : No active profile set, falling back to default profiles: default
2021-06-17 15:56:51.530  INFO 13256 --- [main] o.s.b.w.embedded.tomcat.TomcatWebServer  : Tomcat initialized with port(s): 8012 (http)
2021-06-17 15:56:51.537  INFO 13256 --- [main] o.apache.catalina.core.StandardService   : Starting service [Tomcat]
2021-06-17 15:56:51.537  INFO 13256 --- [main] org.apache.catalina.core.StandardEngine  : Starting Servlet engine: [Apache Tomcat/9.0.44]
2021-06-17 15:56:51.629  INFO 13256 --- [main] org.apache.jasper.servlet.TldScanner     : At least one JAR was scanned for TLDs yet contained no TLDs. Enable debug logging for this logger for a complete list of JARs that were scanned but no TLDs were found in them. Skipping unneeded JARs during scanning can improve startup time and JSP compilation time.
2021-06-17 15:56:51.632  INFO 13256 --- [main] o.a.c.c.C.[Tomcat].[localhost].[/]       : Initializing Spring embedded WebApplicationContext
2021-06-17 15:56:51.632  INFO 13256 --- [main] w.s.c.ServletWebServerApplicationContext : Root WebApplicationContext: initialization completed in 642 ms
2021-06-17 15:56:51.828  INFO 13256 --- [main] o.s.s.concurrent.ThreadPoolTaskExecutor  : Initializing ExecutorService 'applicationTaskExecutor'
2021-06-17 15:56:51.962  INFO 13256 --- [main] o.s.b.w.embedded.tomcat.TomcatWebServer  : Tomcat started on port(s): 8012 (http) with context path ''
2021-06-17 15:56:51.968  INFO 13256 --- [main] org.distribute.DemoApplication           : Started DemoApplication in 1.297 seconds (JVM running for 1.745)
2021-06-17 15:58:25.937  INFO 13256 --- [RMI TCP Connection(5)-127.0.0.1] inMXBeanRegistrar$SpringApplicationAdmin : Application shutdown requested.
2021-06-17 15:58:26.002  INFO 13256 --- [RMI TCP Connection(5)-127.0.0.1] o.s.s.concurrent.ThreadPoolTaskExecutor  : Shutting down ExecutorService 'applicationTaskExecutor'
2021-06-23 15:03:55.556  INFO 5004 --- [main] org.distribute.DemoApplication           : Starting DemoApplication using Java 1.8.0_281 on p_zhilingq-PC1 with PID 5004 (F:\workspace\dispatch\distribute\target\classes started by p_zhilingqi in F:\workspace\dispatch\distribute)
2021-06-23 15:03:55.559  INFO 5004 --- [main] org.distribute.DemoApplication           : No active profile set, falling back to default profiles: default
2021-06-23 15:03:56.170  INFO 5004 --- [main] o.s.b.w.embedded.tomcat.TomcatWebServer  : Tomcat initialized with port(s): 8012 (http)
2021-06-23 15:03:56.177  INFO 5004 --- [main] o.apache.catalina.core.StandardService   : Starting service [Tomcat]
2021-06-23 15:03:56.177  INFO 5004 --- [main] org.apache.catalina.core.StandardEngine  : Starting Servlet engine: [Apache Tomcat/9.0.44]
2021-06-23 15:03:56.298  INFO 5004 --- [main] org.apache.jasper.servlet.TldScanner     : At least one JAR was scanned for TLDs yet contained no TLDs. Enable debug logging for this logger for a complete list of JARs that were scanned but no TLDs were found in them. Skipping unneeded JARs during scanning can improve startup time and JSP compilation time.
2021-06-23 15:03:56.300  INFO 5004 --- [main] o.a.c.c.C.[Tomcat].[localhost].[/]       : Initializing Spring embedded WebApplicationContext
2021-06-23 15:03:56.300  INFO 5004 --- [main] w.s.c.ServletWebServerApplicationContext : Root WebApplicationContext: initialization completed in 701 ms
2021-06-23 15:03:56.502  INFO 5004 --- [main] o.s.s.concurrent.ThreadPoolTaskExecutor  : Initializing ExecutorService 'applicationTaskExecutor'
2021-06-23 15:03:56.662  INFO 5004 --- [main] o.s.b.w.embedded.tomcat.TomcatWebServer  : Tomcat started on port(s): 8012 (http) with context path ''
2021-06-23 15:03:56.668  INFO 5004 --- [main] org.distribute.DemoApplication           : Started DemoApplication in 1.457 seconds (JVM running for 1.936)
2021-06-23 15:04:21.250  INFO 5004 --- [http-nio-8012-exec-1] o.a.c.c.C.[Tomcat].[localhost].[/]       : Initializing Spring DispatcherServlet 'dispatcherServlet'
2021-06-23 15:04:21.251  INFO 5004 --- [http-nio-8012-exec-1] o.s.web.servlet.DispatcherServlet        : Initializing Servlet 'dispatcherServlet'
2021-06-23 15:04:21.251  INFO 5004 --- [http-nio-8012-exec-1] o.s.web.servlet.DispatcherServlet        : Completed initialization in 0 ms
2021-06-23 15:04:21.300  INFO 5004 --- [Thread-4] org.executor.executor.Executor           : 当前排队线程数：0
2021-06-23 15:04:21.300  INFO 5004 --- [Thread-4] org.executor.executor.Executor           : 当前活动线程数：2
2021-06-23 15:04:21.300  INFO 5004 --- [Thread-4] org.executor.executor.Executor           : 执行完成线程数：0
2021-06-23 15:04:21.300  INFO 5004 --- [Thread-4] org.executor.executor.Executor           : 总的线程数：2
2021-06-23 15:04:21.337  INFO 5004 --- [Thread-4] org.executor.executor.Executor           : 当前排队线程数：0
2021-06-23 15:04:21.338  INFO 5004 --- [Thread-4] org.executor.executor.Executor           : 当前活动线程数：1
2021-06-23 15:04:21.338  INFO 5004 --- [Thread-4] org.executor.executor.Executor           : 执行完成线程数：0
2021-06-23 15:04:21.338  INFO 5004 --- [Thread-4] org.executor.executor.Executor           : 总的线程数：1
2021-06-23 15:30:04.566  INFO 28516 --- [main] org.distribute.DemoApplication           : Starting DemoApplication using Java 1.8.0_281 on p_zhilingq-PC1 with PID 28516 (F:\workspace\dispatch\distribute\target\classes started by p_zhilingqi in F:\workspace\dispatch\distribute)
2021-06-23 15:30:04.574  INFO 28516 --- [main] org.distribute.DemoApplication           : No active profile set, falling back to default profiles: default
2021-06-23 15:30:05.561  INFO 28516 --- [main] o.s.b.w.embedded.tomcat.TomcatWebServer  : Tomcat initialized with port(s): 8012 (http)
2021-06-23 15:30:05.578  INFO 28516 --- [main] o.apache.catalina.core.StandardService   : Starting service [Tomcat]
2021-06-23 15:30:05.578  INFO 28516 --- [main] org.apache.catalina.core.StandardEngine  : Starting Servlet engine: [Apache Tomcat/9.0.44]
2021-06-23 15:30:05.763  INFO 28516 --- [main] org.apache.jasper.servlet.TldScanner     : At least one JAR was scanned for TLDs yet contained no TLDs. Enable debug logging for this logger for a complete list of JARs that were scanned but no TLDs were found in them. Skipping unneeded JARs during scanning can improve startup time and JSP compilation time.
2021-06-23 15:30:05.767  INFO 28516 --- [main] o.a.c.c.C.[Tomcat].[localhost].[/]       : Initializing Spring embedded WebApplicationContext
2021-06-23 15:30:05.767  INFO 28516 --- [main] w.s.c.ServletWebServerApplicationContext : Root WebApplicationContext: initialization completed in 1145 ms
2021-06-23 15:30:06.113  INFO 28516 --- [main] o.s.s.concurrent.ThreadPoolTaskExecutor  : Initializing ExecutorService 'applicationTaskExecutor'
2021-06-23 15:30:06.281  INFO 28516 --- [main] o.s.b.w.embedded.tomcat.TomcatWebServer  : Tomcat started on port(s): 8012 (http) with context path ''
2021-06-23 15:30:06.288  INFO 28516 --- [main] org.distribute.DemoApplication           : Started DemoApplication in 2.308 seconds (JVM running for 2.878)
2021-06-23 15:31:53.314  INFO 42628 --- [main] org.distribute.DemoApplication           : Starting DemoApplication using Java 1.8.0_281 on p_zhilingq-PC1 with PID 42628 (F:\workspace\dispatch\distribute\target\classes started by p_zhilingqi in F:\workspace\dispatch\distribute)
2021-06-23 15:31:53.316  INFO 42628 --- [main] org.distribute.DemoApplication           : No active profile set, falling back to default profiles: default
2021-06-23 15:31:53.874  INFO 42628 --- [main] o.s.b.w.embedded.tomcat.TomcatWebServer  : Tomcat initialized with port(s): 8012 (http)
2021-06-23 15:31:53.882  INFO 42628 --- [main] o.apache.catalina.core.StandardService   : Starting service [Tomcat]
2021-06-23 15:31:53.882  INFO 42628 --- [main] org.apache.catalina.core.StandardEngine  : Starting Servlet engine: [Apache Tomcat/9.0.44]
2021-06-23 15:31:53.997  INFO 42628 --- [main] org.apache.jasper.servlet.TldScanner     : At least one JAR was scanned for TLDs yet contained no TLDs. Enable debug logging for this logger for a complete list of JARs that were scanned but no TLDs were found in them. Skipping unneeded JARs during scanning can improve startup time and JSP compilation time.
2021-06-23 15:31:53.999  INFO 42628 --- [main] o.a.c.c.C.[Tomcat].[localhost].[/]       : Initializing Spring embedded WebApplicationContext
2021-06-23 15:31:53.999  INFO 42628 --- [main] w.s.c.ServletWebServerApplicationContext : Root WebApplicationContext: initialization completed in 654 ms
2021-06-23 15:31:54.206  INFO 42628 --- [main] o.s.s.concurrent.ThreadPoolTaskExecutor  : Initializing ExecutorService 'applicationTaskExecutor'
2021-06-23 15:31:54.327  INFO 42628 --- [main] o.s.b.w.embedded.tomcat.TomcatWebServer  : Tomcat started on port(s): 8012 (http) with context path ''
2021-06-23 15:31:54.356  INFO 42628 --- [main] org.distribute.DemoApplication           : Started DemoApplication in 1.352 seconds (JVM running for 1.812)
2021-06-23 15:31:58.019  INFO 42628 --- [RMI TCP Connection(2)-127.0.0.1] inMXBeanRegistrar$SpringApplicationAdmin : Application shutdown requested.
2021-06-23 15:31:58.099  INFO 42628 --- [RMI TCP Connection(2)-127.0.0.1] o.s.s.concurrent.ThreadPoolTaskExecutor  : Shutting down ExecutorService 'applicationTaskExecutor'
2021-06-23 15:32:27.206  INFO 1720 --- [main] org.distribute.DemoApplication           : Starting DemoApplication using Java 1.8.0_281 on p_zhilingq-PC1 with PID 1720 (F:\workspace\dispatch\distribute\target\classes started by p_zhilingqi in F:\workspace\dispatch\distribute)
2021-06-23 15:32:27.209  INFO 1720 --- [main] org.distribute.DemoApplication           : No active profile set, falling back to default profiles: default
2021-06-23 15:32:28.228  INFO 1720 --- [main] o.s.b.w.embedded.tomcat.TomcatWebServer  : Tomcat initialized with port(s): 8012 (http)
2021-06-23 15:32:28.243  INFO 1720 --- [main] o.apache.catalina.core.StandardService   : Starting service [Tomcat]
2021-06-23 15:32:28.243  INFO 1720 --- [main] org.apache.catalina.core.StandardEngine  : Starting Servlet engine: [Apache Tomcat/9.0.44]
2021-06-23 15:32:28.432  INFO 1720 --- [main] org.apache.jasper.servlet.TldScanner     : At least one JAR was scanned for TLDs yet contained no TLDs. Enable debug logging for this logger for a complete list of JARs that were scanned but no TLDs were found in them. Skipping unneeded JARs during scanning can improve startup time and JSP compilation time.
2021-06-23 15:32:28.436  INFO 1720 --- [main] o.a.c.c.C.[Tomcat].[localhost].[/]       : Initializing Spring embedded WebApplicationContext
2021-06-23 15:32:28.436  INFO 1720 --- [main] w.s.c.ServletWebServerApplicationContext : Root WebApplicationContext: initialization completed in 1180 ms
2021-06-23 15:32:28.780  INFO 1720 --- [main] o.s.s.concurrent.ThreadPoolTaskExecutor  : Initializing ExecutorService 'applicationTaskExecutor'
2021-06-23 15:32:28.952  INFO 1720 --- [main] o.s.b.w.embedded.tomcat.TomcatWebServer  : Tomcat started on port(s): 8012 (http) with context path ''
2021-06-23 15:32:28.959  INFO 1720 --- [main] org.distribute.DemoApplication           : Started DemoApplication in 2.336 seconds (JVM running for 2.944)
2021-06-23 15:34:21.721  INFO 45776 --- [main] org.distribute.DemoApplication           : Starting DemoApplication using Java 1.8.0_281 on p_zhilingq-PC1 with PID 45776 (F:\workspace\dispatch\distribute\target\classes started by p_zhilingqi in F:\workspace\dispatch\distribute)
2021-06-23 15:34:21.725  INFO 45776 --- [main] org.distribute.DemoApplication           : No active profile set, falling back to default profiles: default
2021-06-23 15:34:22.743  INFO 45776 --- [main] o.s.b.w.embedded.tomcat.TomcatWebServer  : Tomcat initialized with port(s): 8012 (http)
2021-06-23 15:34:22.758  INFO 45776 --- [main] o.apache.catalina.core.StandardService   : Starting service [Tomcat]
2021-06-23 15:34:22.758  INFO 45776 --- [main] org.apache.catalina.core.StandardEngine  : Starting Servlet engine: [Apache Tomcat/9.0.44]
2021-06-23 15:34:22.943  INFO 45776 --- [main] org.apache.jasper.servlet.TldScanner     : At least one JAR was scanned for TLDs yet contained no TLDs. Enable debug logging for this logger for a complete list of JARs that were scanned but no TLDs were found in them. Skipping unneeded JARs during scanning can improve startup time and JSP compilation time.
2021-06-23 15:34:22.946  INFO 45776 --- [main] o.a.c.c.C.[Tomcat].[localhost].[/]       : Initializing Spring embedded WebApplicationContext
2021-06-23 15:34:22.946  INFO 45776 --- [main] w.s.c.ServletWebServerApplicationContext : Root WebApplicationContext: initialization completed in 1174 ms
2021-06-23 15:34:23.288  INFO 45776 --- [main] o.s.s.concurrent.ThreadPoolTaskExecutor  : Initializing ExecutorService 'applicationTaskExecutor'
2021-06-23 15:34:23.453  INFO 45776 --- [main] o.s.b.w.embedded.tomcat.TomcatWebServer  : Tomcat started on port(s): 8012 (http) with context path ''
2021-06-23 15:34:23.461  INFO 45776 --- [main] org.distribute.DemoApplication           : Started DemoApplication in 2.33 seconds (JVM running for 2.897)
2021-06-23 15:39:04.021  INFO 40620 --- [main] org.distribute.DemoApplication           : Starting DemoApplication using Java 1.8.0_281 on p_zhilingq-PC1 with PID 40620 (F:\workspace\dispatch\distribute\target\classes started by p_zhilingqi in F:\workspace\dispatch\distribute)
2021-06-23 15:39:04.023  INFO 40620 --- [main] org.distribute.DemoApplication           : No active profile set, falling back to default profiles: default
2021-06-23 15:39:04.620  INFO 40620 --- [main] o.s.b.w.embedded.tomcat.TomcatWebServer  : Tomcat initialized with port(s): 8012 (http)
2021-06-23 15:39:04.627  INFO 40620 --- [main] o.apache.catalina.core.StandardService   : Starting service [Tomcat]
2021-06-23 15:39:04.627  INFO 40620 --- [main] org.apache.catalina.core.StandardEngine  : Starting Servlet engine: [Apache Tomcat/9.0.44]
2021-06-23 15:39:04.763  INFO 40620 --- [main] org.apache.jasper.servlet.TldScanner     : At least one JAR was scanned for TLDs yet contained no TLDs. Enable debug logging for this logger for a complete list of JARs that were scanned but no TLDs were found in them. Skipping unneeded JARs during scanning can improve startup time and JSP compilation time.
2021-06-23 15:39:04.765  INFO 40620 --- [main] o.a.c.c.C.[Tomcat].[localhost].[/]       : Initializing Spring embedded WebApplicationContext
2021-06-23 15:39:04.766  INFO 40620 --- [main] w.s.c.ServletWebServerApplicationContext : Root WebApplicationContext: initialization completed in 712 ms
2021-06-23 15:39:04.959  INFO 40620 --- [main] o.s.s.concurrent.ThreadPoolTaskExecutor  : Initializing ExecutorService 'applicationTaskExecutor'
2021-06-23 15:39:05.105  INFO 40620 --- [main] o.s.b.w.embedded.tomcat.TomcatWebServer  : Tomcat started on port(s): 8012 (http) with context path ''
2021-06-23 15:39:05.111  INFO 40620 --- [main] org.distribute.DemoApplication           : Started DemoApplication in 1.406 seconds (JVM running for 1.874)
2021-06-23 15:39:47.699  INFO 40620 --- [http-nio-8012-exec-1] o.a.c.c.C.[Tomcat].[localhost].[/]       : Initializing Spring DispatcherServlet 'dispatcherServlet'
2021-06-23 15:39:47.699  INFO 40620 --- [http-nio-8012-exec-1] o.s.web.servlet.DispatcherServlet        : Initializing Servlet 'dispatcherServlet'
2021-06-23 15:39:47.700  INFO 40620 --- [http-nio-8012-exec-1] o.s.web.servlet.DispatcherServlet        : Completed initialization in 1 ms
2021-06-23 15:39:47.745  INFO 40620 --- [Thread-4] org.executor.executor.Executor           : 当前排队线程数：1
2021-06-23 15:39:47.746  INFO 40620 --- [Thread-4] org.executor.executor.Executor           : 当前活动线程数：2
2021-06-23 15:39:47.746  INFO 40620 --- [Thread-4] org.executor.executor.Executor           : 执行完成线程数：0
2021-06-23 15:39:47.746  INFO 40620 --- [Thread-4] org.executor.executor.Executor           : 总的线程数：3
2021-06-23 15:41:28.086  INFO 40620 --- [RMI TCP Connection(6)-127.0.0.1] inMXBeanRegistrar$SpringApplicationAdmin : Application shutdown requested.
2021-06-23 15:41:28.154  INFO 40620 --- [RMI TCP Connection(6)-127.0.0.1] o.s.s.concurrent.ThreadPoolTaskExecutor  : Shutting down ExecutorService 'applicationTaskExecutor'
2021-06-23 15:45:18.257  INFO 1444 --- [main] org.distribute.DemoApplication           : Starting DemoApplication using Java 1.8.0_281 on p_zhilingq-PC1 with PID 1444 (F:\workspace\dispatch\distribute\target\classes started by p_zhilingqi in F:\workspace\dispatch\distribute)
2021-06-23 15:45:18.259  INFO 1444 --- [main] org.distribute.DemoApplication           : No active profile set, falling back to default profiles: default
2021-06-23 15:45:18.885  INFO 1444 --- [main] o.s.b.w.embedded.tomcat.TomcatWebServer  : Tomcat initialized with port(s): 8012 (http)
2021-06-23 15:45:18.893  INFO 1444 --- [main] o.apache.catalina.core.StandardService   : Starting service [Tomcat]
2021-06-23 15:45:18.893  INFO 1444 --- [main] org.apache.catalina.core.StandardEngine  : Starting Servlet engine: [Apache Tomcat/9.0.44]
2021-06-23 15:45:19.034  INFO 1444 --- [main] org.apache.jasper.servlet.TldScanner     : At least one JAR was scanned for TLDs yet contained no TLDs. Enable debug logging for this logger for a complete list of JARs that were scanned but no TLDs were found in them. Skipping unneeded JARs during scanning can improve startup time and JSP compilation time.
2021-06-23 15:45:19.036  INFO 1444 --- [main] o.a.c.c.C.[Tomcat].[localhost].[/]       : Initializing Spring embedded WebApplicationContext
2021-06-23 15:45:19.036  INFO 1444 --- [main] w.s.c.ServletWebServerApplicationContext : Root WebApplicationContext: initialization completed in 746 ms
2021-06-23 15:45:19.244  INFO 1444 --- [main] o.s.s.concurrent.ThreadPoolTaskExecutor  : Initializing ExecutorService 'applicationTaskExecutor'
2021-06-23 15:45:19.390  INFO 1444 --- [main] o.s.b.w.embedded.tomcat.TomcatWebServer  : Tomcat started on port(s): 8012 (http) with context path ''
2021-06-23 15:45:19.396  INFO 1444 --- [main] org.distribute.DemoApplication           : Started DemoApplication in 1.453 seconds (JVM running for 1.926)
2021-06-23 15:45:22.468  INFO 1444 --- [http-nio-8012-exec-1] o.a.c.c.C.[Tomcat].[localhost].[/]       : Initializing Spring DispatcherServlet 'dispatcherServlet'
2021-06-23 15:45:22.468  INFO 1444 --- [http-nio-8012-exec-1] o.s.web.servlet.DispatcherServlet        : Initializing Servlet 'dispatcherServlet'
2021-06-23 15:45:22.469  INFO 1444 --- [http-nio-8012-exec-1] o.s.web.servlet.DispatcherServlet        : Completed initialization in 1 ms
2021-06-23 15:45:22.517  INFO 1444 --- [Thread-4] org.executor.executor.Executor           : 当前排队线程数：1
2021-06-23 15:45:22.517  INFO 1444 --- [Thread-4] org.executor.executor.Executor           : 当前活动线程数：2
2021-06-23 15:45:22.517  INFO 1444 --- [Thread-4] org.executor.executor.Executor           : 执行完成线程数：0
2021-06-23 15:45:22.517  INFO 1444 --- [Thread-4] org.executor.executor.Executor           : 总的线程数：3
2021-06-23 15:47:49.205  INFO 1444 --- [Thread-4] org.executor.executor.Executor           : 当前排队线程数：1
2021-06-23 15:47:49.205  INFO 1444 --- [Thread-4] org.executor.executor.Executor           : 当前活动线程数：2
2021-06-23 15:47:49.205  INFO 1444 --- [Thread-4] org.executor.executor.Executor           : 执行完成线程数：0
2021-06-23 15:47:49.205  INFO 1444 --- [Thread-4] org.executor.executor.Executor           : 总的线程数：3
2021-06-23 17:17:28.004  INFO 13188 --- [main] org.distribute.DemoApplication           : Starting DemoApplication using Java 1.8.0_281 on p_zhilingq-PC1 with PID 13188 (F:\workspace\dispatch\distribute\target\classes started by p_zhilingqi in F:\workspace\dispatch\distribute)
2021-06-23 17:17:28.007  INFO 13188 --- [main] org.distribute.DemoApplication           : No active profile set, falling back to default profiles: default
2021-06-23 17:17:28.629  INFO 13188 --- [main] o.s.b.w.embedded.tomcat.TomcatWebServer  : Tomcat initialized with port(s): 8012 (http)
2021-06-23 17:17:28.637  INFO 13188 --- [main] o.apache.catalina.core.StandardService   : Starting service [Tomcat]
2021-06-23 17:17:28.637  INFO 13188 --- [main] org.apache.catalina.core.StandardEngine  : Starting Servlet engine: [Apache Tomcat/9.0.44]
2021-06-23 17:17:28.772  INFO 13188 --- [main] org.apache.jasper.servlet.TldScanner     : At least one JAR was scanned for TLDs yet contained no TLDs. Enable debug logging for this logger for a complete list of JARs that were scanned but no TLDs were found in them. Skipping unneeded JARs during scanning can improve startup time and JSP compilation time.
2021-06-23 17:17:28.774  INFO 13188 --- [main] o.a.c.c.C.[Tomcat].[localhost].[/]       : Initializing Spring embedded WebApplicationContext
2021-06-23 17:17:28.774  INFO 13188 --- [main] w.s.c.ServletWebServerApplicationContext : Root WebApplicationContext: initialization completed in 734 ms
2021-06-23 17:17:28.968  INFO 13188 --- [main] o.s.s.concurrent.ThreadPoolTaskExecutor  : Initializing ExecutorService 'applicationTaskExecutor'
2021-06-23 17:17:29.118  INFO 13188 --- [main] o.s.b.w.embedded.tomcat.TomcatWebServer  : Tomcat started on port(s): 8012 (http) with context path ''
2021-06-23 17:17:29.124  INFO 13188 --- [main] org.distribute.DemoApplication           : Started DemoApplication in 1.455 seconds (JVM running for 1.947)
2021-06-23 17:17:55.730  INFO 13188 --- [http-nio-8012-exec-1] o.a.c.c.C.[Tomcat].[localhost].[/]       : Initializing Spring DispatcherServlet 'dispatcherServlet'
2021-06-23 17:17:55.730  INFO 13188 --- [http-nio-8012-exec-1] o.s.web.servlet.DispatcherServlet        : Initializing Servlet 'dispatcherServlet'
2021-06-23 17:17:55.731  INFO 13188 --- [http-nio-8012-exec-1] o.s.web.servlet.DispatcherServlet        : Completed initialization in 1 ms
2021-06-23 17:17:55.777  INFO 13188 --- [Thread-4] org.executor.executor.Executor           : 当前排队线程数：1
2021-06-23 17:17:55.777  INFO 13188 --- [Thread-4] org.executor.executor.Executor           : 当前活动线程数：2
2021-06-23 17:17:55.777  INFO 13188 --- [Thread-4] org.executor.executor.Executor           : 执行完成线程数：0
2021-06-23 17:17:55.777  INFO 13188 --- [Thread-4] org.executor.executor.Executor           : 总的线程数：3
2021-06-24 10:58:23.858  INFO 13188 --- [RMI TCP Connection(442)-127.0.0.1] inMXBeanRegistrar$SpringApplicationAdmin : Application shutdown requested.
2021-06-24 10:58:23.928  INFO 13188 --- [RMI TCP Connection(442)-127.0.0.1] o.s.s.concurrent.ThreadPoolTaskExecutor  : Shutting down ExecutorService 'applicationTaskExecutor'
2021-06-28 11:30:48.787  INFO 22548 --- [main] org.distribute.DemoApplication           : Starting DemoApplication using Java 1.8.0_281 on p_zhilingq-PC1 with PID 22548 (F:\workspace\dispatch\distribute\target\classes started by p_zhilingqi in F:\workspace\dispatch\distribute)
2021-06-28 11:30:48.789  INFO 22548 --- [main] org.distribute.DemoApplication           : No active profile set, falling back to default profiles: default
2021-06-28 11:30:49.393  INFO 22548 --- [main] o.s.b.w.embedded.tomcat.TomcatWebServer  : Tomcat initialized with port(s): 8012 (http)
2021-06-28 11:30:49.400  INFO 22548 --- [main] o.apache.catalina.core.StandardService   : Starting service [Tomcat]
2021-06-28 11:30:49.400  INFO 22548 --- [main] org.apache.catalina.core.StandardEngine  : Starting Servlet engine: [Apache Tomcat/9.0.44]
2021-06-28 11:30:49.505  INFO 22548 --- [main] org.apache.jasper.servlet.TldScanner     : At least one JAR was scanned for TLDs yet contained no TLDs. Enable debug logging for this logger for a complete list of JARs that were scanned but no TLDs were found in them. Skipping unneeded JARs during scanning can improve startup time and JSP compilation time.
2021-06-28 11:30:49.507  INFO 22548 --- [main] o.a.c.c.C.[Tomcat].[localhost].[/]       : Initializing Spring embedded WebApplicationContext
2021-06-28 11:30:49.508  INFO 22548 --- [main] w.s.c.ServletWebServerApplicationContext : Root WebApplicationContext: initialization completed in 688 ms
2021-06-28 11:30:49.715  INFO 22548 --- [main] o.s.s.concurrent.ThreadPoolTaskExecutor  : Initializing ExecutorService 'applicationTaskExecutor'
2021-06-28 11:30:49.865  INFO 22548 --- [main] o.s.b.w.embedded.tomcat.TomcatWebServer  : Tomcat started on port(s): 8012 (http) with context path ''
2021-06-28 11:30:49.871  INFO 22548 --- [main] org.distribute.DemoApplication           : Started DemoApplication in 1.373 seconds (JVM running for 1.796)
2021-06-28 11:30:55.178  INFO 22548 --- [http-nio-8012-exec-1] o.a.c.c.C.[Tomcat].[localhost].[/]       : Initializing Spring DispatcherServlet 'dispatcherServlet'
2021-06-28 11:30:55.178  INFO 22548 --- [http-nio-8012-exec-1] o.s.web.servlet.DispatcherServlet        : Initializing Servlet 'dispatcherServlet'
2021-06-28 11:30:55.178  INFO 22548 --- [http-nio-8012-exec-1] o.s.web.servlet.DispatcherServlet        : Completed initialization in 0 ms
2021-06-28 11:30:55.226  INFO 22548 --- [Thread-4] org.executor.executor.Executor           : 当前排队线程数：0
2021-06-28 11:30:55.226  INFO 22548 --- [Thread-4] org.executor.executor.Executor           : 当前活动线程数：2
2021-06-28 11:30:55.226  INFO 22548 --- [Thread-4] org.executor.executor.Executor           : 执行完成线程数：0
2021-06-28 11:30:55.226  INFO 22548 --- [Thread-4] org.executor.executor.Executor           : 总的线程数：2
2021-06-28 11:30:55.264  INFO 22548 --- [Thread-4] org.executor.executor.Executor           : 当前排队线程数：0
2021-06-28 11:30:55.265  INFO 22548 --- [Thread-4] org.executor.executor.Executor           : 当前活动线程数：1
2021-06-28 11:30:55.265  INFO 22548 --- [Thread-4] org.executor.executor.Executor           : 执行完成线程数：0
2021-06-28 11:30:55.265  INFO 22548 --- [Thread-4] org.executor.executor.Executor           : 总的线程数：1
2021-06-28 11:32:46.842  INFO 22548 --- [RMI TCP Connection(5)-127.0.0.1] inMXBeanRegistrar$SpringApplicationAdmin : Application shutdown requested.
2021-06-28 11:32:46.912  INFO 22548 --- [RMI TCP Connection(5)-127.0.0.1] o.s.s.concurrent.ThreadPoolTaskExecutor  : Shutting down ExecutorService 'applicationTaskExecutor'
2021-06-28 14:52:46.720  INFO 30968 --- [main] org.distribute.DemoApplication           : Starting DemoApplication using Java 1.8.0_281 on p_zhilingq-PC1 with PID 30968 (F:\workspace\dispatch\distribute\target\classes started by p_zhilingqi in F:\workspace\dispatch\distribute)
2021-06-28 14:52:46.722  INFO 30968 --- [main] org.distribute.DemoApplication           : No active profile set, falling back to default profiles: default
2021-06-28 14:52:47.287  INFO 30968 --- [main] o.s.b.w.embedded.tomcat.TomcatWebServer  : Tomcat initialized with port(s): 8012 (http)
2021-06-28 14:52:47.294  INFO 30968 --- [main] o.apache.catalina.core.StandardService   : Starting service [Tomcat]
2021-06-28 14:52:47.294  INFO 30968 --- [main] org.apache.catalina.core.StandardEngine  : Starting Servlet engine: [Apache Tomcat/9.0.44]
2021-06-28 14:52:47.397  INFO 30968 --- [main] org.apache.jasper.servlet.TldScanner     : At least one JAR was scanned for TLDs yet contained no TLDs. Enable debug logging for this logger for a complete list of JARs that were scanned but no TLDs were found in them. Skipping unneeded JARs during scanning can improve startup time and JSP compilation time.
2021-06-28 14:52:47.399  INFO 30968 --- [main] o.a.c.c.C.[Tomcat].[localhost].[/]       : Initializing Spring embedded WebApplicationContext
2021-06-28 14:52:47.400  INFO 30968 --- [main] w.s.c.ServletWebServerApplicationContext : Root WebApplicationContext: initialization completed in 647 ms
2021-06-28 14:52:47.607  INFO 30968 --- [main] o.s.s.concurrent.ThreadPoolTaskExecutor  : Initializing ExecutorService 'applicationTaskExecutor'
2021-06-28 14:52:47.752  INFO 30968 --- [main] o.s.b.w.embedded.tomcat.TomcatWebServer  : Tomcat started on port(s): 8012 (http) with context path ''
2021-06-28 14:52:47.758  INFO 30968 --- [main] org.distribute.DemoApplication           : Started DemoApplication in 1.323 seconds (JVM running for 1.753)
2021-06-28 14:52:57.695  INFO 30968 --- [http-nio-8012-exec-1] o.a.c.c.C.[Tomcat].[localhost].[/]       : Initializing Spring DispatcherServlet 'dispatcherServlet'
2021-06-28 14:52:57.695  INFO 30968 --- [http-nio-8012-exec-1] o.s.web.servlet.DispatcherServlet        : Initializing Servlet 'dispatcherServlet'
2021-06-28 14:52:57.696  INFO 30968 --- [http-nio-8012-exec-1] o.s.web.servlet.DispatcherServlet        : Completed initialization in 1 ms
2021-06-28 14:52:57.744  INFO 30968 --- [Thread-4] org.executor.executor.Executor           : 当前排队线程数：0
2021-06-28 14:52:57.744  INFO 30968 --- [Thread-4] org.executor.executor.Executor           : 当前活动线程数：2
2021-06-28 14:52:57.744  INFO 30968 --- [Thread-4] org.executor.executor.Executor           : 执行完成线程数：0
2021-06-28 14:52:57.744  INFO 30968 --- [Thread-4] org.executor.executor.Executor           : 总的线程数：2
2021-06-28 14:52:57.772  INFO 30968 --- [Thread-4] org.executor.executor.Executor           : 当前排队线程数：0
2021-06-28 14:52:57.772  INFO 30968 --- [Thread-4] org.executor.executor.Executor           : 当前活动线程数：1
2021-06-28 14:52:57.772  INFO 30968 --- [Thread-4] org.executor.executor.Executor           : 执行完成线程数：0
2021-06-28 14:52:57.772  INFO 30968 --- [Thread-4] org.executor.executor.Executor           : 总的线程数：1
2021-07-07 16:02:58.886  INFO 36636 --- [main] org.distribute.DemoApplication           : Starting DemoApplication using Java 1.8.0_281 on p_zhilingq-PC1 with PID 36636 (F:\workspace\dispatch\distribute\target\classes started by p_zhilingqi in F:\workspace\dispatch\distribute)
2021-07-07 16:02:58.888  INFO 36636 --- [main] org.distribute.DemoApplication           : No active profile set, falling back to default profiles: default
2021-07-07 16:02:59.444  INFO 36636 --- [main] o.s.b.w.embedded.tomcat.TomcatWebServer  : Tomcat initialized with port(s): 8012 (http)
2021-07-07 16:02:59.451  INFO 36636 --- [main] o.apache.catalina.core.StandardService   : Starting service [Tomcat]
2021-07-07 16:02:59.451  INFO 36636 --- [main] org.apache.catalina.core.StandardEngine  : Starting Servlet engine: [Apache Tomcat/9.0.44]
2021-07-07 16:02:59.559  INFO 36636 --- [main] org.apache.jasper.servlet.TldScanner     : At least one JAR was scanned for TLDs yet contained no TLDs. Enable debug logging for this logger for a complete list of JARs that were scanned but no TLDs were found in them. Skipping unneeded JARs during scanning can improve startup time and JSP compilation time.
2021-07-07 16:02:59.562  INFO 36636 --- [main] o.a.c.c.C.[Tomcat].[localhost].[/]       : Initializing Spring embedded WebApplicationContext
2021-07-07 16:02:59.562  INFO 36636 --- [main] w.s.c.ServletWebServerApplicationContext : Root WebApplicationContext: initialization completed in 641 ms
2021-07-07 16:02:59.647  WARN 36636 --- [main] ConfigServletWebServerApplicationContext : Exception encountered during context initialization - cancelling refresh attempt: org.springframework.beans.factory.UnsatisfiedDependencyException: Error creating bean with name 'startPubController': Unsatisfied dependency expressed through field 'jedisPool'; nested exception is org.springframework.beans.factory.NoSuchBeanDefinitionException: No qualifying bean of type 'redis.clients.jedis.JedisPool' available: expected at least 1 bean which qualifies as autowire candidate. Dependency annotations: {@org.springframework.beans.factory.annotation.Autowired(required=true)}
2021-07-07 16:02:59.649  INFO 36636 --- [main] o.apache.catalina.core.StandardService   : Stopping service [Tomcat]
2021-07-07 16:02:59.656  INFO 36636 --- [main] ConditionEvaluationReportLoggingListener : 

Error starting ApplicationContext. To display the conditions report re-run your application with 'debug' enabled.
2021-07-07 16:02:59.670 ERROR 36636 --- [main] o.s.b.d.LoggingFailureAnalysisReporter   : 

***************************
APPLICATION FAILED TO START
***************************

Description:

Field jedisPool in org.distribute.controller.StartPubController required a bean of type 'redis.clients.jedis.JedisPool' that could not be found.

The injection point has the following annotations:
	- @org.springframework.beans.factory.annotation.Autowired(required=true)


Action:

Consider defining a bean of type 'redis.clients.jedis.JedisPool' in your configuration.

2021-07-07 16:06:05.398  INFO 50476 --- [main] org.distribute.DemoApplication           : Starting DemoApplication using Java 1.8.0_281 on p_zhilingq-PC1 with PID 50476 (F:\workspace\dispatch\distribute\target\classes started by p_zhilingqi in F:\workspace\dispatch\distribute)
2021-07-07 16:06:05.400  INFO 50476 --- [main] org.distribute.DemoApplication           : No active profile set, falling back to default profiles: default
2021-07-07 16:06:05.953  INFO 50476 --- [main] o.s.b.w.embedded.tomcat.TomcatWebServer  : Tomcat initialized with port(s): 8012 (http)
2021-07-07 16:06:05.960  INFO 50476 --- [main] o.apache.catalina.core.StandardService   : Starting service [Tomcat]
2021-07-07 16:06:05.960  INFO 50476 --- [main] org.apache.catalina.core.StandardEngine  : Starting Servlet engine: [Apache Tomcat/9.0.44]
2021-07-07 16:06:06.067  INFO 50476 --- [main] org.apache.jasper.servlet.TldScanner     : At least one JAR was scanned for TLDs yet contained no TLDs. Enable debug logging for this logger for a complete list of JARs that were scanned but no TLDs were found in them. Skipping unneeded JARs during scanning can improve startup time and JSP compilation time.
2021-07-07 16:06:06.070  INFO 50476 --- [main] o.a.c.c.C.[Tomcat].[localhost].[/]       : Initializing Spring embedded WebApplicationContext
2021-07-07 16:06:06.070  INFO 50476 --- [main] w.s.c.ServletWebServerApplicationContext : Root WebApplicationContext: initialization completed in 640 ms
2021-07-07 16:06:06.247  INFO 50476 --- [main] o.s.s.concurrent.ThreadPoolTaskExecutor  : Initializing ExecutorService 'applicationTaskExecutor'
2021-07-07 16:06:06.371  INFO 50476 --- [main] o.s.b.w.embedded.tomcat.TomcatWebServer  : Tomcat started on port(s): 8012 (http) with context path ''
2021-07-07 16:06:06.377  INFO 50476 --- [main] org.distribute.DemoApplication           : Started DemoApplication in 1.265 seconds (JVM running for 1.7)
2021-07-07 16:07:20.492  INFO 50476 --- [http-nio-8012-exec-1] o.a.c.c.C.[Tomcat].[localhost].[/]       : Initializing Spring DispatcherServlet 'dispatcherServlet'
2021-07-07 16:07:20.492  INFO 50476 --- [http-nio-8012-exec-1] o.s.web.servlet.DispatcherServlet        : Initializing Servlet 'dispatcherServlet'
2021-07-07 16:07:20.493  INFO 50476 --- [http-nio-8012-exec-1] o.s.web.servlet.DispatcherServlet        : Completed initialization in 1 ms
2021-07-08 16:15:10.060  INFO 44796 --- [main] org.distribute.App                       : Starting App using Java 1.8.0_281 on p_zhilingq-PC1 with PID 44796 (F:\workspace\dispatch\distribute\target\classes started by p_zhilingqi in F:\workspace\dispatch\distribute)
2021-07-08 16:15:10.062  INFO 44796 --- [main] org.distribute.App                       : No active profile set, falling back to default profiles: default
2021-07-08 16:15:10.620  INFO 44796 --- [main] o.s.b.w.embedded.tomcat.TomcatWebServer  : Tomcat initialized with port(s): 8012 (http)
2021-07-08 16:15:10.627  INFO 44796 --- [main] o.apache.catalina.core.StandardService   : Starting service [Tomcat]
2021-07-08 16:15:10.627  INFO 44796 --- [main] org.apache.catalina.core.StandardEngine  : Starting Servlet engine: [Apache Tomcat/9.0.44]
2021-07-08 16:15:10.679  INFO 44796 --- [main] o.a.c.c.C.[Tomcat].[localhost].[/]       : Initializing Spring embedded WebApplicationContext
2021-07-08 16:15:10.680  INFO 44796 --- [main] w.s.c.ServletWebServerApplicationContext : Root WebApplicationContext: initialization completed in 587 ms
2021-07-08 16:15:10.887  INFO 44796 --- [main] o.s.s.concurrent.ThreadPoolTaskExecutor  : Initializing ExecutorService 'applicationTaskExecutor'
2021-07-08 16:15:11.016  INFO 44796 --- [main] o.s.b.w.embedded.tomcat.TomcatWebServer  : Tomcat started on port(s): 8012 (http) with context path ''
2021-07-08 16:15:11.022  INFO 44796 --- [main] org.distribute.App                       : Started App in 1.282 seconds (JVM running for 1.714)
2021-07-08 16:15:32.475  INFO 44796 --- [http-nio-8012-exec-1] o.a.c.c.C.[Tomcat].[localhost].[/]       : Initializing Spring DispatcherServlet 'dispatcherServlet'
2021-07-08 16:15:32.475  INFO 44796 --- [http-nio-8012-exec-1] o.s.web.servlet.DispatcherServlet        : Initializing Servlet 'dispatcherServlet'
2021-07-08 16:15:32.475  INFO 44796 --- [http-nio-8012-exec-1] o.s.web.servlet.DispatcherServlet        : Completed initialization in 0 ms
2021-07-08 16:15:32.521  INFO 44796 --- [Thread-3] org.executor.executor.Executor           : 当前排队线程数：1
2021-07-08 16:15:32.521  INFO 44796 --- [Thread-3] org.executor.executor.Executor           : 当前活动线程数：2
2021-07-08 16:15:32.521  INFO 44796 --- [Thread-3] org.executor.executor.Executor           : 执行完成线程数：0
2021-07-08 16:15:32.521  INFO 44796 --- [Thread-3] org.executor.executor.Executor           : 总的线程数：3
2021-07-08 16:15:32.543  WARN 44796 --- [http-nio-8012-exec-1] o.s.w.s.r.ResourceHttpRequestHandler     : Path with "WEB-INF" or "META-INF": [WEB-INF/jsptestdemo.jsp]
2021-07-08 16:25:32.160  INFO 44796 --- [RMI TCP Connection(12)-127.0.0.1] inMXBeanRegistrar$SpringApplicationAdmin : Application shutdown requested.
2021-07-08 16:25:32.228  INFO 44796 --- [RMI TCP Connection(12)-127.0.0.1] o.s.s.concurrent.ThreadPoolTaskExecutor  : Shutting down ExecutorService 'applicationTaskExecutor'
2021-07-13 10:18:35.937  INFO 16192 --- [main] org.distribute.App                       : Starting App using Java 1.8.0_281 on p_zhilingq-PC1 with PID 16192 (F:\workspace\dispatch\distribute\target\classes started by p_zhilingqi in F:\workspace\dispatch\distribute)
2021-07-13 10:18:35.939  INFO 16192 --- [main] org.distribute.App                       : No active profile set, falling back to default profiles: default
2021-07-13 10:18:36.481  INFO 16192 --- [main] o.s.b.w.embedded.tomcat.TomcatWebServer  : Tomcat initialized with port(s): 8012 (http)
2021-07-13 10:18:36.488  INFO 16192 --- [main] o.apache.catalina.core.StandardService   : Starting service [Tomcat]
2021-07-13 10:18:36.488  INFO 16192 --- [main] org.apache.catalina.core.StandardEngine  : Starting Servlet engine: [Apache Tomcat/9.0.44]
2021-07-13 10:18:36.536  INFO 16192 --- [main] o.a.c.c.C.[Tomcat].[localhost].[/]       : Initializing Spring embedded WebApplicationContext
2021-07-13 10:18:36.536  INFO 16192 --- [main] w.s.c.ServletWebServerApplicationContext : Root WebApplicationContext: initialization completed in 568 ms
2021-07-13 10:18:36.713  INFO 16192 --- [main] o.s.s.concurrent.ThreadPoolTaskExecutor  : Initializing ExecutorService 'applicationTaskExecutor'
2021-07-13 10:18:36.855  INFO 16192 --- [main] o.s.b.w.embedded.tomcat.TomcatWebServer  : Tomcat started on port(s): 8012 (http) with context path ''
2021-07-13 10:18:36.862  INFO 16192 --- [main] org.distribute.App                       : Started App in 1.216 seconds (JVM running for 1.703)
2021-07-13 10:18:43.574  INFO 16192 --- [RMI TCP Connection(2)-127.0.0.1] inMXBeanRegistrar$SpringApplicationAdmin : Application shutdown requested.
2021-07-13 10:18:43.664  INFO 16192 --- [RMI TCP Connection(2)-127.0.0.1] o.s.s.concurrent.ThreadPoolTaskExecutor  : Shutting down ExecutorService 'applicationTaskExecutor'
2021-07-13 15:24:40.540  INFO 8296 --- [main] org.distribute.App                       : Starting App using Java 1.8.0_281 on p_zhilingq-PC1 with PID 8296 (F:\workspace\dispatch\distribute\target\classes started by p_zhilingqi in F:\workspace\dispatch\distribute)
2021-07-13 15:24:40.542  INFO 8296 --- [main] org.distribute.App                       : No active profile set, falling back to default profiles: default
2021-07-13 15:24:41.071  INFO 8296 --- [main] o.s.b.w.embedded.tomcat.TomcatWebServer  : Tomcat initialized with port(s): 8012 (http)
2021-07-13 15:24:41.078  INFO 8296 --- [main] o.apache.catalina.core.StandardService   : Starting service [Tomcat]
2021-07-13 15:24:41.078  INFO 8296 --- [main] org.apache.catalina.core.StandardEngine  : Starting Servlet engine: [Apache Tomcat/9.0.44]
2021-07-13 15:24:41.124  INFO 8296 --- [main] o.a.c.c.C.[Tomcat].[localhost].[/]       : Initializing Spring embedded WebApplicationContext
2021-07-13 15:24:41.124  INFO 8296 --- [main] w.s.c.ServletWebServerApplicationContext : Root WebApplicationContext: initialization completed in 552 ms
2021-07-13 15:24:41.291  INFO 8296 --- [main] o.s.s.concurrent.ThreadPoolTaskExecutor  : Initializing ExecutorService 'applicationTaskExecutor'
2021-07-13 15:24:41.410  INFO 8296 --- [main] o.s.b.w.embedded.tomcat.TomcatWebServer  : Tomcat started on port(s): 8012 (http) with context path ''
2021-07-13 15:24:41.416  INFO 8296 --- [main] org.distribute.App                       : Started App in 1.159 seconds (JVM running for 1.571)
2021-07-13 15:24:55.651  INFO 8296 --- [http-nio-8012-exec-1] o.a.c.c.C.[Tomcat].[localhost].[/]       : Initializing Spring DispatcherServlet 'dispatcherServlet'
2021-07-13 15:24:55.651  INFO 8296 --- [http-nio-8012-exec-1] o.s.web.servlet.DispatcherServlet        : Initializing Servlet 'dispatcherServlet'
2021-07-13 15:24:55.652  INFO 8296 --- [http-nio-8012-exec-1] o.s.web.servlet.DispatcherServlet        : Completed initialization in 1 ms
2021-07-13 15:24:55.815  WARN 8296 --- [http-nio-8012-exec-1] o.s.w.s.r.ResourceHttpRequestHandler     : Path with "WEB-INF" or "META-INF": [WEB-INF/jsptestdemo.jsp]
2021-07-13 15:26:29.887  INFO 17148 --- [main] org.distribute.App                       : Starting App using Java 1.8.0_281 on p_zhilingq-PC1 with PID 17148 (F:\workspace\dispatch\distribute\target\classes started by p_zhilingqi in F:\workspace\dispatch\distribute)
2021-07-13 15:26:29.889  INFO 17148 --- [main] org.distribute.App                       : No active profile set, falling back to default profiles: default
2021-07-13 15:26:30.425  INFO 17148 --- [main] o.s.b.w.embedded.tomcat.TomcatWebServer  : Tomcat initialized with port(s): 8012 (http)
2021-07-13 15:26:30.432  INFO 17148 --- [main] o.apache.catalina.core.StandardService   : Starting service [Tomcat]
2021-07-13 15:26:30.433  INFO 17148 --- [main] org.apache.catalina.core.StandardEngine  : Starting Servlet engine: [Apache Tomcat/9.0.44]
2021-07-13 15:26:30.480  INFO 17148 --- [main] o.a.c.c.C.[Tomcat].[localhost].[/]       : Initializing Spring embedded WebApplicationContext
2021-07-13 15:26:30.480  INFO 17148 --- [main] w.s.c.ServletWebServerApplicationContext : Root WebApplicationContext: initialization completed in 560 ms
2021-07-13 15:26:30.650  INFO 17148 --- [main] o.s.s.concurrent.ThreadPoolTaskExecutor  : Initializing ExecutorService 'applicationTaskExecutor'
2021-07-13 15:26:30.768  INFO 17148 --- [main] o.s.b.w.embedded.tomcat.TomcatWebServer  : Tomcat started on port(s): 8012 (http) with context path ''
2021-07-13 15:26:30.774  INFO 17148 --- [main] org.distribute.App                       : Started App in 1.175 seconds (JVM running for 1.588)
2021-07-13 15:26:34.877  INFO 17148 --- [http-nio-8012-exec-1] o.a.c.c.C.[Tomcat].[localhost].[/]       : Initializing Spring DispatcherServlet 'dispatcherServlet'
2021-07-13 15:26:34.878  INFO 17148 --- [http-nio-8012-exec-1] o.s.web.servlet.DispatcherServlet        : Initializing Servlet 'dispatcherServlet'
2021-07-13 15:26:34.878  INFO 17148 --- [http-nio-8012-exec-1] o.s.web.servlet.DispatcherServlet        : Completed initialization in 0 ms
2021-07-13 15:26:35.028  WARN 17148 --- [http-nio-8012-exec-1] o.s.w.s.r.ResourceHttpRequestHandler     : Path with "WEB-INF" or "META-INF": [WEB-INF/jsp/testdemo.jsp]
2021-07-13 15:27:32.677  WARN 17148 --- [http-nio-8012-exec-3] .w.s.m.s.DefaultHandlerExceptionResolver : Resolved [org.springframework.web.bind.MissingServletRequestParameterException: Required int parameter 'num' is not present]
2021-07-13 15:39:04.839  INFO 3832 --- [main] org.distribute.App                       : Starting App using Java 1.8.0_281 on p_zhilingq-PC1 with PID 3832 (F:\workspace\dispatch\distribute\target\classes started by p_zhilingqi in F:\workspace\dispatch\distribute)
2021-07-13 15:39:04.841  INFO 3832 --- [main] org.distribute.App                       : No active profile set, falling back to default profiles: default
2021-07-13 15:39:05.379  INFO 3832 --- [main] o.s.b.w.embedded.tomcat.TomcatWebServer  : Tomcat initialized with port(s): 8012 (http)
2021-07-13 15:39:05.386  INFO 3832 --- [main] o.apache.catalina.core.StandardService   : Starting service [Tomcat]
2021-07-13 15:39:05.387  INFO 3832 --- [main] org.apache.catalina.core.StandardEngine  : Starting Servlet engine: [Apache Tomcat/9.0.44]
2021-07-13 15:39:05.509  INFO 3832 --- [main] org.apache.jasper.servlet.TldScanner     : At least one JAR was scanned for TLDs yet contained no TLDs. Enable debug logging for this logger for a complete list of JARs that were scanned but no TLDs were found in them. Skipping unneeded JARs during scanning can improve startup time and JSP compilation time.
2021-07-13 15:39:05.512  INFO 3832 --- [main] o.a.c.c.C.[Tomcat].[localhost].[/]       : Initializing Spring embedded WebApplicationContext
2021-07-13 15:39:05.512  INFO 3832 --- [main] w.s.c.ServletWebServerApplicationContext : Root WebApplicationContext: initialization completed in 641 ms
2021-07-13 15:39:05.687  INFO 3832 --- [main] o.s.s.concurrent.ThreadPoolTaskExecutor  : Initializing ExecutorService 'applicationTaskExecutor'
2021-07-13 15:39:05.819  INFO 3832 --- [main] o.s.b.w.embedded.tomcat.TomcatWebServer  : Tomcat started on port(s): 8012 (http) with context path ''
2021-07-13 15:39:05.824  INFO 3832 --- [main] org.distribute.App                       : Started App in 1.271 seconds (JVM running for 1.68)
2021-07-13 15:39:46.545  INFO 3832 --- [RMI TCP Connection(4)-127.0.0.1] inMXBeanRegistrar$SpringApplicationAdmin : Application shutdown requested.
2021-07-13 15:39:46.638  INFO 3832 --- [RMI TCP Connection(4)-127.0.0.1] o.s.s.concurrent.ThreadPoolTaskExecutor  : Shutting down ExecutorService 'applicationTaskExecutor'
